<?xml version="1.0" encoding="UTF-8"?>
<testng-results ignored="0" total="1" passed="1" failed="0" skipped="0">
  <reporter-output>
  </reporter-output>
  <suite started-at="2023-10-08T22:59:01 BST" name="Default suite" finished-at="2023-10-08T22:59:29 BST" duration-ms="27979">
    <groups>
    </groups>
    <test started-at="2023-10-08T22:59:01 BST" name="Default test" finished-at="2023-10-08T22:59:29 BST" duration-ms="27979">
      <class name="readData.Register">
        <test-method signature="registerUser()[pri:0, instance:readData.Register@7161d8d1]" started-at="2023-10-08T22:59:01 BST" name="registerUser" finished-at="2023-10-08T22:59:29 BST" duration-ms="27946" status="PASS">
          <reporter-output>
          </reporter-output>
        </test-method> <!-- registerUser -->
      </class> <!-- readData.Register -->
    </test> <!-- Default test -->
  </suite> <!-- Default suite -->
</testng-results>
